# JRE version: Java(TM) SE Runtime Environment (7.0_45-b18) (build 1.7.0_45-b18)
# Java VM: Java HotSpot(TM) 64-Bit Server VM (24.45-b08 mixed mode windows-amd64 compressed oops)
Heap
 PSYoungGen      total 147968K, used 91223K [0x00000000eaa80000, 0x00000000fd580000, 0x0000000100000000)
  eden space 126976K, 55% used [0x00000000eaa80000,0x00000000eef1baa8,0x00000000f2680000)
  from space 20992K, 99% used [0x00000000fc100000,0x00000000fd57a1a0,0x00000000fd580000)
  to   space 27648K, 0% used [0x00000000f9f80000,0x00000000f9f80000,0x00000000fba80000)
 ParOldGen       total 86016K, used 32865K [0x00000000c0000000, 0x00000000c5400000, 0x00000000eaa80000)
  object space 86016K, 38% used [0x00000000c0000000,0x00000000c2018620,0x00000000c5400000)
 PSPermGen       total 39936K, used 39590K [0x00000000b0000000, 0x00000000b2700000, 0x00000000c0000000)
  object space 39936K, 99% used [0x00000000b0000000,0x00000000b26a9a48,0x00000000b2700000)
GC Heap History (10 events):
Event: 3.269 GC heap before
{Heap before GC invocations=4 (full 0):
 PSYoungGen      total 38400K, used 38376K [0x00000000eaa80000, 0x00000000ef580000, 0x0000000100000000)
  eden space 33280K, 100% used [0x00000000eaa80000,0x00000000ecb00000,0x00000000ecb00000)
  from space 5120K, 99% used [0x00000000ecb00000,0x00000000ecffa040,0x00000000ed000000)
  to   space 5120K, 0% used [0x00000000ef080000,0x00000000ef080000,0x00000000ef580000)
 ParOldGen       total 86016K, used 5619K [0x00000000c0000000, 0x00000000c5400000, 0x00000000eaa80000)
  object space 86016K, 6% used [0x00000000c0000000,0x00000000c057cdb8,0x00000000c5400000)
 PSPermGen       total 21504K, used 20602K [0x00000000b0000000, 0x00000000b1500000, 0x00000000c0000000)
  object space 21504K, 95% used [0x00000000b0000000,0x00000000b141e9a8,0x00000000b1500000)
Event: 3.287 GC heap after
Heap after GC invocations=4 (full 0):
 PSYoungGen      total 71680K, used 5096K [0x00000000eaa80000, 0x00000000ef580000, 0x0000000100000000)
  eden space 66560K, 0% used [0x00000000eaa80000,0x00000000eaa80000,0x00000000eeb80000)
  from space 5120K, 99% used [0x00000000ef080000,0x00000000ef57a020,0x00000000ef580000)
  to   space 5120K, 0% used [0x00000000eeb80000,0x00000000eeb80000,0x00000000ef080000)
 ParOldGen       total 86016K, used 9925K [0x00000000c0000000, 0x00000000c5400000, 0x00000000eaa80000)
  object space 86016K, 11% used [0x00000000c0000000,0x00000000c09b15b0,0x00000000c5400000)
 PSPermGen       total 21504K, used 20602K [0x00000000b0000000, 0x00000000b1500000, 0x00000000c0000000)
  object space 21504K, 95% used [0x00000000b0000000,0x00000000b141e9a8,0x00000000b1500000)
}
Event: 5.149 GC heap before
{Heap before GC invocations=5 (full 0):
 PSYoungGen      total 71680K, used 71656K [0x00000000eaa80000, 0x00000000ef580000, 0x0000000100000000)
  eden space 66560K, 100% used [0x00000000eaa80000,0x00000000eeb80000,0x00000000eeb80000)
  from space 5120K, 99% used [0x00000000ef080000,0x00000000ef57a020,0x00000000ef580000)
  to   space 5120K, 0% used [0x00000000eeb80000,0x00000000eeb80000,0x00000000ef080000)
 ParOldGen       total 86016K, used 9925K [0x00000000c0000000, 0x00000000c5400000, 0x00000000eaa80000)
  object space 86016K, 11% used [0x00000000c0000000,0x00000000c09b15b0,0x00000000c5400000)
 PSPermGen       total 26112K, used 25953K [0x00000000b0000000, 0x00000000b1980000, 0x00000000c0000000)
  object space 26112K, 99% used [0x00000000b0000000,0x00000000b1958438,0x00000000b1980000)
Event: 5.173 GC heap after
Heap after GC invocations=5 (full 0):
 PSYoungGen      total 71680K, used 5120K [0x00000000eaa80000, 0x00000000f4680000, 0x0000000100000000)
  eden space 66560K, 0% used [0x00000000eaa80000,0x00000000eaa80000,0x00000000eeb80000)
  from space 5120K, 100% used [0x00000000eeb80000,0x00000000ef080000,0x00000000ef080000)
  to   space 13312K, 0% used [0x00000000f3980000,0x00000000f3980000,0x00000000f4680000)
 ParOldGen       total 86016K, used 15655K [0x00000000c0000000, 0x00000000c5400000, 0x00000000eaa80000)
  object space 86016K, 18% used [0x00000000c0000000,0x00000000c0f49fd0,0x00000000c5400000)
 PSPermGen       total 26112K, used 25953K [0x00000000b0000000, 0x00000000b1980000, 0x00000000c0000000)
  object space 26112K, 99% used [0x00000000b0000000,0x00000000b1958438,0x00000000b1980000)
}
Event: 7.343 GC heap before
{Heap before GC invocations=6 (full 0):
 PSYoungGen      total 71680K, used 71680K [0x00000000eaa80000, 0x00000000f4680000, 0x0000000100000000)
  eden space 66560K, 100% used [0x00000000eaa80000,0x00000000eeb80000,0x00000000eeb80000)
  from space 5120K, 100% used [0x00000000eeb80000,0x00000000ef080000,0x00000000ef080000)
  to   space 13312K, 0% used [0x00000000f3980000,0x00000000f3980000,0x00000000f4680000)
 ParOldGen       total 86016K, used 15655K [0x00000000c0000000, 0x00000000c5400000, 0x00000000eaa80000)
  object space 86016K, 18% used [0x00000000c0000000,0x00000000c0f49fd0,0x00000000c5400000)
 PSPermGen       total 29696K, used 29219K [0x00000000b0000000, 0x00000000b1d00000, 0x00000000c0000000)
  object space 29696K, 98% used [0x00000000b0000000,0x00000000b1c88c48,0x00000000b1d00000)
Event: 7.363 GC heap after
Heap after GC invocations=6 (full 0):
 PSYoungGen      total 145408K, used 11286K [0x00000000eaa80000, 0x00000000f4880000, 0x0000000100000000)
  eden space 132096K, 0% used [0x00000000eaa80000,0x00000000eaa80000,0x00000000f2b80000)
  from space 13312K, 84% used [0x00000000f3980000,0x00000000f4485918,0x00000000f4680000)
  to   space 14336K, 0% used [0x00000000f2b80000,0x00000000f2b80000,0x00000000f3980000)
 ParOldGen       total 86016K, used 15663K [0x00000000c0000000, 0x00000000c5400000, 0x00000000eaa80000)
  object space 86016K, 18% used [0x00000000c0000000,0x00000000c0f4bfd0,0x00000000c5400000)
 PSPermGen       total 29696K, used 29219K [0x00000000b0000000, 0x00000000b1d00000, 0x00000000c0000000)
  object space 29696K, 98% used [0x00000000b0000000,0x00000000b1c88c48,0x00000000b1d00000)
}
Event: 13.111 GC heap before
{Heap before GC invocations=7 (full 0):
 PSYoungGen      total 145408K, used 143382K [0x00000000eaa80000, 0x00000000f4880000, 0x0000000100000000)
  eden space 132096K, 100% used [0x00000000eaa80000,0x00000000f2b80000,0x00000000f2b80000)
  from space 13312K, 84% used [0x00000000f3980000,0x00000000f4485918,0x00000000f4680000)
  to   space 14336K, 0% used [0x00000000f2b80000,0x00000000f2b80000,0x00000000f3980000)
 ParOldGen       total 86016K, used 15663K [0x00000000c0000000, 0x00000000c5400000, 0x00000000eaa80000)
  object space 86016K, 18% used [0x00000000c0000000,0x00000000c0f4bfd0,0x00000000c5400000)
 PSPermGen       total 35328K, used 35023K [0x00000000b0000000, 0x00000000b2280000, 0x00000000c0000000)
  object space 35328K, 99% used [0x00000000b0000000,0x00000000b2233e80,0x00000000b2280000)
Event: 13.149 GC heap after
Heap after GC invocations=7 (full 0):
 PSYoungGen      total 146432K, used 14326K [0x00000000eaa80000, 0x00000000fd580000, 0x0000000100000000)
  eden space 132096K, 0% used [0x00000000eaa80000,0x00000000eaa80000,0x00000000f2b80000)
  from space 14336K, 99% used [0x00000000f2b80000,0x00000000f397daa0,0x00000000f3980000)
  to   space 20992K, 0% used [0x00000000fc100000,0x00000000fc100000,0x00000000fd580000)
 ParOldGen       total 86016K, used 25388K [0x00000000c0000000, 0x00000000c5400000, 0x00000000eaa80000)
  object space 86016K, 29% used [0x00000000c0000000,0x00000000c18cb238,0x00000000c5400000)
 PSPermGen       total 35328K, used 35023K [0x00000000b0000000, 0x00000000b2280000, 0x00000000c0000000)
  object space 35328K, 99% used [0x00000000b0000000,0x00000000b2233e80,0x00000000b2280000)
}
Event: 23.326 GC heap before
{Heap before GC invocations=8 (full 0):
 PSYoungGen      total 146432K, used 146422K [0x00000000eaa80000, 0x00000000fd580000, 0x0000000100000000)
  eden space 132096K, 100% used [0x00000000eaa80000,0x00000000f2b80000,0x00000000f2b80000)
  from space 14336K, 99% used [0x00000000f2b80000,0x00000000f397daa0,0x00000000f3980000)
  to   space 20992K, 0% used [0x00000000fc100000,0x00000000fc100000,0x00000000fd580000)
 ParOldGen       total 86016K, used 25388K [0x00000000c0000000, 0x00000000c5400000, 0x00000000eaa80000)
  object space 86016K, 29% used [0x00000000c0000000,0x00000000c18cb238,0x00000000c5400000)
 PSPermGen       total 39424K, used 39351K [0x00000000b0000000, 0x00000000b2680000, 0x00000000c0000000)
  object space 39424K, 99% used [0x00000000b0000000,0x00000000b266de78,0x00000000b2680000)
Event: 23.362 GC heap after
Heap after GC invocations=8 (full 0):
 PSYoungGen      total 147968K, used 20968K [0x00000000eaa80000, 0x00000000fd580000, 0x0000000100000000)
  eden space 126976K, 0% used [0x00000000eaa80000,0x00000000eaa80000,0x00000000f2680000)
  from space 20992K, 99% used [0x00000000fc100000,0x00000000fd57a1a0,0x00000000fd580000)
  to   space 27648K, 0% used [0x00000000f9f80000,0x00000000f9f80000,0x00000000fba80000)
 ParOldGen       total 86016K, used 32865K [0x00000000c0000000, 0x00000000c5400000, 0x00000000eaa80000)
  object space 86016K, 38% used [0x00000000c0000000,0x00000000c2018620,0x00000000c5400000)
 PSPermGen       total 39424K, used 39351K [0x00000000b0000000, 0x00000000b2680000, 0x00000000c0000000)
  object space 39424K, 99% used [0x00000000b0000000,0x00000000b266de78,0x00000000b2680000)
}

