# JRE version: Java(TM) SE Runtime Environment (7.0_45-b18) (build 1.7.0_45-b18)
# Java VM: Java HotSpot(TM) 64-Bit Server VM (24.45-b08 mixed mode windows-amd64 compressed oops)
Heap
 PSYoungGen      total 268800K, used 107633K [0x00000000eaa80000, 0x00000000fcd80000, 0x0000000100000000)
  eden space 251904K, 36% used [0x00000000eaa80000,0x00000000f035d668,0x00000000fa080000)
  from space 16896K, 98% used [0x00000000fab80000,0x00000000fbbbf000,0x00000000fbc00000)
  to   space 17920K, 0% used [0x00000000fbc00000,0x00000000fbc00000,0x00000000fcd80000)
 ParOldGen       total 86016K, used 34234K [0x00000000c0000000, 0x00000000c5400000, 0x00000000eaa80000)
  object space 86016K, 39% used [0x00000000c0000000,0x00000000c216eb60,0x00000000c5400000)
 PSPermGen       total 77312K, used 40846K [0x00000000b0000000, 0x00000000b4b80000, 0x00000000c0000000)
  object space 77312K, 52% used [0x00000000b0000000,0x00000000b27e39a8,0x00000000b4b80000)
GC Heap History (10 events):
Event: 5.997 GC heap before
{Heap before GC invocations=6 (full 0):
 PSYoungGen      total 71680K, used 71672K [0x00000000eaa80000, 0x00000000f4680000, 0x0000000100000000)
  eden space 66560K, 100% used [0x00000000eaa80000,0x00000000eeb80000,0x00000000eeb80000)
  from space 5120K, 99% used [0x00000000eeb80000,0x00000000ef07e050,0x00000000ef080000)
  to   space 13312K, 0% used [0x00000000f3980000,0x00000000f3980000,0x00000000f4680000)
 ParOldGen       total 86016K, used 15574K [0x00000000c0000000, 0x00000000c5400000, 0x00000000eaa80000)
  object space 86016K, 18% used [0x00000000c0000000,0x00000000c0f35950,0x00000000c5400000)
 PSPermGen       total 29696K, used 29238K [0x00000000b0000000, 0x00000000b1d00000, 0x00000000c0000000)
  object space 29696K, 98% used [0x00000000b0000000,0x00000000b1c8d880,0x00000000b1d00000)
Event: 6.013 GC heap after
Heap after GC invocations=6 (full 0):
 PSYoungGen      total 145408K, used 11213K [0x00000000eaa80000, 0x00000000f4880000, 0x0000000100000000)
  eden space 132096K, 0% used [0x00000000eaa80000,0x00000000eaa80000,0x00000000f2b80000)
  from space 13312K, 84% used [0x00000000f3980000,0x00000000f4473578,0x00000000f4680000)
  to   space 14336K, 0% used [0x00000000f2b80000,0x00000000f2b80000,0x00000000f3980000)
 ParOldGen       total 86016K, used 15582K [0x00000000c0000000, 0x00000000c5400000, 0x00000000eaa80000)
  object space 86016K, 18% used [0x00000000c0000000,0x00000000c0f37950,0x00000000c5400000)
 PSPermGen       total 29696K, used 29238K [0x00000000b0000000, 0x00000000b1d00000, 0x00000000c0000000)
  object space 29696K, 98% used [0x00000000b0000000,0x00000000b1c8d880,0x00000000b1d00000)
}
Event: 10.610 GC heap before
{Heap before GC invocations=7 (full 0):
 PSYoungGen      total 145408K, used 143309K [0x00000000eaa80000, 0x00000000f4880000, 0x0000000100000000)
  eden space 132096K, 100% used [0x00000000eaa80000,0x00000000f2b80000,0x00000000f2b80000)
  from space 13312K, 84% used [0x00000000f3980000,0x00000000f4473578,0x00000000f4680000)
  to   space 14336K, 0% used [0x00000000f2b80000,0x00000000f2b80000,0x00000000f3980000)
 ParOldGen       total 86016K, used 15582K [0x00000000c0000000, 0x00000000c5400000, 0x00000000eaa80000)
  object space 86016K, 18% used [0x00000000c0000000,0x00000000c0f37950,0x00000000c5400000)
 PSPermGen       total 35328K, used 35152K [0x00000000b0000000, 0x00000000b2280000, 0x00000000c0000000)
  object space 35328K, 99% used [0x00000000b0000000,0x00000000b2254128,0x00000000b2280000)
Event: 10.641 GC heap after
Heap after GC invocations=7 (full 0):
 PSYoungGen      total 146432K, used 14324K [0x00000000eaa80000, 0x00000000fd580000, 0x0000000100000000)
  eden space 132096K, 0% used [0x00000000eaa80000,0x00000000eaa80000,0x00000000f2b80000)
  from space 14336K, 99% used [0x00000000f2b80000,0x00000000f397d370,0x00000000f3980000)
  to   space 20992K, 0% used [0x00000000fc100000,0x00000000fc100000,0x00000000fd580000)
 ParOldGen       total 86016K, used 25333K [0x00000000c0000000, 0x00000000c5400000, 0x00000000eaa80000)
  object space 86016K, 29% used [0x00000000c0000000,0x00000000c18bd558,0x00000000c5400000)
 PSPermGen       total 35328K, used 35152K [0x00000000b0000000, 0x00000000b2280000, 0x00000000c0000000)
  object space 35328K, 99% used [0x00000000b0000000,0x00000000b2254128,0x00000000b2280000)
}
Event: 16.236 GC heap before
{Heap before GC invocations=8 (full 0):
 PSYoungGen      total 146432K, used 90096K [0x00000000eaa80000, 0x00000000fd580000, 0x0000000100000000)
  eden space 132096K, 57% used [0x00000000eaa80000,0x00000000ef47ee10,0x00000000f2b80000)
  from space 14336K, 99% used [0x00000000f2b80000,0x00000000f397d370,0x00000000f3980000)
  to   space 20992K, 0% used [0x00000000fc100000,0x00000000fc100000,0x00000000fd580000)
 ParOldGen       total 86016K, used 25333K [0x00000000c0000000, 0x00000000c5400000, 0x00000000eaa80000)
  object space 86016K, 29% used [0x00000000c0000000,0x00000000c18bd558,0x00000000c5400000)
 PSPermGen       total 38912K, used 38528K [0x00000000b0000000, 0x00000000b2600000, 0x00000000c0000000)
  object space 38912K, 99% used [0x00000000b0000000,0x00000000b25a0058,0x00000000b2600000)
Event: 16.272 GC heap after
Heap after GC invocations=8 (full 0):
 PSYoungGen      total 284160K, used 16003K [0x00000000eaa80000, 0x00000000fd780000, 0x0000000100000000)
  eden space 263168K, 0% used [0x00000000eaa80000,0x00000000eaa80000,0x00000000fab80000)
  from space 20992K, 76% used [0x00000000fc100000,0x00000000fd0a0cc8,0x00000000fd580000)
  to   space 22016K, 0% used [0x00000000fab80000,0x00000000fab80000,0x00000000fc100000)
 ParOldGen       total 86016K, used 27605K [0x00000000c0000000, 0x00000000c5400000, 0x00000000eaa80000)
  object space 86016K, 32% used [0x00000000c0000000,0x00000000c1af5578,0x00000000c5400000)
 PSPermGen       total 38912K, used 38528K [0x00000000b0000000, 0x00000000b2600000, 0x00000000c0000000)
  object space 38912K, 99% used [0x00000000b0000000,0x00000000b25a0058,0x00000000b2600000)
}
Event: 16.273 GC heap before
{Heap before GC invocations=9 (full 1):
 PSYoungGen      total 284160K, used 16003K [0x00000000eaa80000, 0x00000000fd780000, 0x0000000100000000)
  eden space 263168K, 0% used [0x00000000eaa80000,0x00000000eaa80000,0x00000000fab80000)
  from space 20992K, 76% used [0x00000000fc100000,0x00000000fd0a0cc8,0x00000000fd580000)
  to   space 22016K, 0% used [0x00000000fab80000,0x00000000fab80000,0x00000000fc100000)
 ParOldGen       total 86016K, used 27605K [0x00000000c0000000, 0x00000000c5400000, 0x00000000eaa80000)
  object space 86016K, 32% used [0x00000000c0000000,0x00000000c1af5578,0x00000000c5400000)
 PSPermGen       total 38912K, used 38528K [0x00000000b0000000, 0x00000000b2600000, 0x00000000c0000000)
  object space 38912K, 99% used [0x00000000b0000000,0x00000000b25a0058,0x00000000b2600000)
Event: 16.564 GC heap after
Heap after GC invocations=9 (full 1):
 PSYoungGen      total 284160K, used 0K [0x00000000eaa80000, 0x00000000fd780000, 0x0000000100000000)
  eden space 263168K, 0% used [0x00000000eaa80000,0x00000000eaa80000,0x00000000fab80000)
  from space 20992K, 0% used [0x00000000fc100000,0x00000000fc100000,0x00000000fd580000)
  to   space 22016K, 0% used [0x00000000fab80000,0x00000000fab80000,0x00000000fc100000)
 ParOldGen       total 86016K, used 34234K [0x00000000c0000000, 0x00000000c5400000, 0x00000000eaa80000)
  object space 86016K, 39% used [0x00000000c0000000,0x00000000c216eb60,0x00000000c5400000)
 PSPermGen       total 77312K, used 38508K [0x00000000b0000000, 0x00000000b4b80000, 0x00000000c0000000)
  object space 77312K, 49% used [0x00000000b0000000,0x00000000b259b0e8,0x00000000b4b80000)
}
Event: 41.568 GC heap before
{Heap before GC invocations=10 (full 1):
 PSYoungGen      total 284160K, used 263168K [0x00000000eaa80000, 0x00000000fd780000, 0x0000000100000000)
  eden space 263168K, 100% used [0x00000000eaa80000,0x00000000fab80000,0x00000000fab80000)
  from space 20992K, 0% used [0x00000000fc100000,0x00000000fc100000,0x00000000fd580000)
  to   space 22016K, 0% used [0x00000000fab80000,0x00000000fab80000,0x00000000fc100000)
 ParOldGen       total 86016K, used 34234K [0x00000000c0000000, 0x00000000c5400000, 0x00000000eaa80000)
  object space 86016K, 39% used [0x00000000c0000000,0x00000000c216eb60,0x00000000c5400000)
 PSPermGen       total 77312K, used 40764K [0x00000000b0000000, 0x00000000b4b80000, 0x00000000c0000000)
  object space 77312K, 52% used [0x00000000b0000000,0x00000000b27cf228,0x00000000b4b80000)
Event: 41.589 GC heap after
Heap after GC invocations=10 (full 1):
 PSYoungGen      total 268800K, used 16636K [0x00000000eaa80000, 0x00000000fcd80000, 0x0000000100000000)
  eden space 251904K, 0% used [0x00000000eaa80000,0x00000000eaa80000,0x00000000fa080000)
  from space 16896K, 98% used [0x00000000fab80000,0x00000000fbbbf000,0x00000000fbc00000)
  to   space 17920K, 0% used [0x00000000fbc00000,0x00000000fbc00000,0x00000000fcd80000)
 ParOldGen       total 86016K, used 34234K [0x00000000c0000000, 0x00000000c5400000, 0x00000000eaa80000)
  object space 86016K, 39% used [0x00000000c0000000,0x00000000c216eb60,0x00000000c5400000)
 PSPermGen       total 77312K, used 40764K [0x00000000b0000000, 0x00000000b4b80000, 0x00000000c0000000)
  object space 77312K, 52% used [0x00000000b0000000,0x00000000b27cf228,0x00000000b4b80000)
}

