# JRE version: Java(TM) SE Runtime Environment (7.0_45-b18) (build 1.7.0_45-b18)
# Java VM: Java HotSpot(TM) 64-Bit Server VM (24.45-b08 mixed mode windows-amd64 compressed oops)
Heap
 PSYoungGen      total 145920K, used 30190K [0x00000000eaa80000, 0x00000000f4780000, 0x0000000100000000)
  eden space 132096K, 12% used [0x00000000eaa80000,0x00000000eba90948,0x00000000f2b80000)
  from space 13824K, 99% used [0x00000000f2b80000,0x00000000f38eb2a0,0x00000000f3900000)
  to   space 12800K, 0% used [0x00000000f3900000,0x00000000f3900000,0x00000000f4580000)
 ParOldGen       total 86016K, used 41935K [0x00000000c0000000, 0x00000000c5400000, 0x00000000eaa80000)
  object space 86016K, 48% used [0x00000000c0000000,0x00000000c28f3e70,0x00000000c5400000)
 PSPermGen       total 40448K, used 40446K [0x00000000b0000000, 0x00000000b2780000, 0x00000000c0000000)
  object space 40448K, 99% used [0x00000000b0000000,0x00000000b277faa8,0x00000000b2780000)
GC Heap History (10 events):
Event: 4.674 GC heap before
{Heap before GC invocations=5 (full 0):
 PSYoungGen      total 71680K, used 71672K [0x00000000eaa80000, 0x00000000ef580000, 0x0000000100000000)
  eden space 66560K, 100% used [0x00000000eaa80000,0x00000000eeb80000,0x00000000eeb80000)
  from space 5120K, 99% used [0x00000000ef080000,0x00000000ef57e030,0x00000000ef580000)
  to   space 5120K, 0% used [0x00000000eeb80000,0x00000000eeb80000,0x00000000ef080000)
 ParOldGen       total 86016K, used 10003K [0x00000000c0000000, 0x00000000c5400000, 0x00000000eaa80000)
  object space 86016K, 11% used [0x00000000c0000000,0x00000000c09c4f48,0x00000000c5400000)
 PSPermGen       total 26112K, used 25939K [0x00000000b0000000, 0x00000000b1980000, 0x00000000c0000000)
  object space 26112K, 99% used [0x00000000b0000000,0x00000000b1954d38,0x00000000b1980000)
Event: 4.692 GC heap after
Heap after GC invocations=5 (full 0):
 PSYoungGen      total 71680K, used 5096K [0x00000000eaa80000, 0x00000000f4580000, 0x0000000100000000)
  eden space 66560K, 0% used [0x00000000eaa80000,0x00000000eaa80000,0x00000000eeb80000)
  from space 5120K, 99% used [0x00000000eeb80000,0x00000000ef07a020,0x00000000ef080000)
  to   space 12800K, 0% used [0x00000000f3900000,0x00000000f3900000,0x00000000f4580000)
 ParOldGen       total 86016K, used 15559K [0x00000000c0000000, 0x00000000c5400000, 0x00000000eaa80000)
  object space 86016K, 18% used [0x00000000c0000000,0x00000000c0f31da8,0x00000000c5400000)
 PSPermGen       total 26112K, used 25939K [0x00000000b0000000, 0x00000000b1980000, 0x00000000c0000000)
  object space 26112K, 99% used [0x00000000b0000000,0x00000000b1954d38,0x00000000b1980000)
}
Event: 6.345 GC heap before
{Heap before GC invocations=6 (full 0):
 PSYoungGen      total 71680K, used 71656K [0x00000000eaa80000, 0x00000000f4580000, 0x0000000100000000)
  eden space 66560K, 100% used [0x00000000eaa80000,0x00000000eeb80000,0x00000000eeb80000)
  from space 5120K, 99% used [0x00000000eeb80000,0x00000000ef07a020,0x00000000ef080000)
  to   space 12800K, 0% used [0x00000000f3900000,0x00000000f3900000,0x00000000f4580000)
 ParOldGen       total 86016K, used 15559K [0x00000000c0000000, 0x00000000c5400000, 0x00000000eaa80000)
  object space 86016K, 18% used [0x00000000c0000000,0x00000000c0f31da8,0x00000000c5400000)
 PSPermGen       total 29696K, used 29241K [0x00000000b0000000, 0x00000000b1d00000, 0x00000000c0000000)
  object space 29696K, 98% used [0x00000000b0000000,0x00000000b1c8e548,0x00000000b1d00000)
Event: 6.363 GC heap after
Heap after GC invocations=6 (full 0):
 PSYoungGen      total 144896K, used 11105K [0x00000000eaa80000, 0x00000000f4780000, 0x0000000100000000)
  eden space 132096K, 0% used [0x00000000eaa80000,0x00000000eaa80000,0x00000000f2b80000)
  from space 12800K, 86% used [0x00000000f3900000,0x00000000f43d8748,0x00000000f4580000)
  to   space 13824K, 0% used [0x00000000f2b80000,0x00000000f2b80000,0x00000000f3900000)
 ParOldGen       total 86016K, used 15567K [0x00000000c0000000, 0x00000000c5400000, 0x00000000eaa80000)
  object space 86016K, 18% used [0x00000000c0000000,0x00000000c0f33da8,0x00000000c5400000)
 PSPermGen       total 29696K, used 29241K [0x00000000b0000000, 0x00000000b1d00000, 0x00000000c0000000)
  object space 29696K, 98% used [0x00000000b0000000,0x00000000b1c8e548,0x00000000b1d00000)
}
Event: 9.710 GC heap before
{Heap before GC invocations=7 (full 0):
 PSYoungGen      total 144896K, used 143201K [0x00000000eaa80000, 0x00000000f4780000, 0x0000000100000000)
  eden space 132096K, 100% used [0x00000000eaa80000,0x00000000f2b80000,0x00000000f2b80000)
  from space 12800K, 86% used [0x00000000f3900000,0x00000000f43d8748,0x00000000f4580000)
  to   space 13824K, 0% used [0x00000000f2b80000,0x00000000f2b80000,0x00000000f3900000)
 ParOldGen       total 86016K, used 15567K [0x00000000c0000000, 0x00000000c5400000, 0x00000000eaa80000)
  object space 86016K, 18% used [0x00000000c0000000,0x00000000c0f33da8,0x00000000c5400000)
 PSPermGen       total 35328K, used 35025K [0x00000000b0000000, 0x00000000b2280000, 0x00000000c0000000)
  object space 35328K, 99% used [0x00000000b0000000,0x00000000b2234700,0x00000000b2280000)
Event: 9.753 GC heap after
Heap after GC invocations=7 (full 0):
 PSYoungGen      total 145920K, used 13807K [0x00000000eaa80000, 0x00000000f4780000, 0x0000000100000000)
  eden space 132096K, 0% used [0x00000000eaa80000,0x00000000eaa80000,0x00000000f2b80000)
  from space 13824K, 99% used [0x00000000f2b80000,0x00000000f38fbc20,0x00000000f3900000)
  to   space 12800K, 0% used [0x00000000f3900000,0x00000000f3900000,0x00000000f4580000)
 ParOldGen       total 86016K, used 25721K [0x00000000c0000000, 0x00000000c5400000, 0x00000000eaa80000)
  object space 86016K, 29% used [0x00000000c0000000,0x00000000c191e7b8,0x00000000c5400000)
 PSPermGen       total 35328K, used 35025K [0x00000000b0000000, 0x00000000b2280000, 0x00000000c0000000)
  object space 35328K, 99% used [0x00000000b0000000,0x00000000b2234700,0x00000000b2280000)
}
Event: 17.619 GC heap before
{Heap before GC invocations=8 (full 0):
 PSYoungGen      total 145920K, used 145903K [0x00000000eaa80000, 0x00000000f4780000, 0x0000000100000000)
  eden space 132096K, 100% used [0x00000000eaa80000,0x00000000f2b80000,0x00000000f2b80000)
  from space 13824K, 99% used [0x00000000f2b80000,0x00000000f38fbc20,0x00000000f3900000)
  to   space 12800K, 0% used [0x00000000f3900000,0x00000000f3900000,0x00000000f4580000)
 ParOldGen       total 86016K, used 25721K [0x00000000c0000000, 0x00000000c5400000, 0x00000000eaa80000)
  object space 86016K, 29% used [0x00000000c0000000,0x00000000c191e7b8,0x00000000c5400000)
 PSPermGen       total 39424K, used 39402K [0x00000000b0000000, 0x00000000b2680000, 0x00000000c0000000)
  object space 39424K, 99% used [0x00000000b0000000,0x00000000b267aa58,0x00000000b2680000)
Event: 17.652 GC heap after
Heap after GC invocations=8 (full 0):
 PSYoungGen      total 144896K, used 12795K [0x00000000eaa80000, 0x00000000f4780000, 0x0000000100000000)
  eden space 132096K, 0% used [0x00000000eaa80000,0x00000000eaa80000,0x00000000f2b80000)
  from space 12800K, 99% used [0x00000000f3900000,0x00000000f457ec10,0x00000000f4580000)
  to   space 13824K, 0% used [0x00000000f2b80000,0x00000000f2b80000,0x00000000f3900000)
 ParOldGen       total 86016K, used 40971K [0x00000000c0000000, 0x00000000c5400000, 0x00000000eaa80000)
  object space 86016K, 47% used [0x00000000c0000000,0x00000000c2802e60,0x00000000c5400000)
 PSPermGen       total 39424K, used 39402K [0x00000000b0000000, 0x00000000b2680000, 0x00000000c0000000)
  object space 39424K, 99% used [0x00000000b0000000,0x00000000b267aa58,0x00000000b2680000)
}
Event: 20.835 GC heap before
{Heap before GC invocations=9 (full 0):
 PSYoungGen      total 144896K, used 144891K [0x00000000eaa80000, 0x00000000f4780000, 0x0000000100000000)
  eden space 132096K, 100% used [0x00000000eaa80000,0x00000000f2b80000,0x00000000f2b80000)
  from space 12800K, 99% used [0x00000000f3900000,0x00000000f457ec10,0x00000000f4580000)
  to   space 13824K, 0% used [0x00000000f2b80000,0x00000000f2b80000,0x00000000f3900000)
 ParOldGen       total 86016K, used 40971K [0x00000000c0000000, 0x00000000c5400000, 0x00000000eaa80000)
  object space 86016K, 47% used [0x00000000c0000000,0x00000000c2802e60,0x00000000c5400000)
 PSPermGen       total 39936K, used 39679K [0x00000000b0000000, 0x00000000b2700000, 0x00000000c0000000)
  object space 39936K, 99% used [0x00000000b0000000,0x00000000b26bffd8,0x00000000b2700000)
Event: 20.863 GC heap after
Heap after GC invocations=9 (full 0):
 PSYoungGen      total 145920K, used 13740K [0x00000000eaa80000, 0x00000000f4780000, 0x0000000100000000)
  eden space 132096K, 0% used [0x00000000eaa80000,0x00000000eaa80000,0x00000000f2b80000)
  from space 13824K, 99% used [0x00000000f2b80000,0x00000000f38eb2a0,0x00000000f3900000)
  to   space 12800K, 0% used [0x00000000f3900000,0x00000000f3900000,0x00000000f4580000)
 ParOldGen       total 86016K, used 41935K [0x00000000c0000000, 0x00000000c5400000, 0x00000000eaa80000)
  object space 86016K, 48% used [0x00000000c0000000,0x00000000c28f3e70,0x00000000c5400000)
 PSPermGen       total 39936K, used 39679K [0x00000000b0000000, 0x00000000b2700000, 0x00000000c0000000)
  object space 39936K, 99% used [0x00000000b0000000,0x00000000b26bffd8,0x00000000b2700000)
}

