# JRE version: Java(TM) SE Runtime Environment (7.0_45-b18) (build 1.7.0_45-b18)
# Java VM: Java HotSpot(TM) 64-Bit Server VM (24.45-b08 mixed mode windows-amd64 compressed oops)
Heap
 PSYoungGen      total 38400K, used 35411K [0x00000007aaa80000, 0x00000007af580000, 0x0000000800000000)
  eden space 33280K, 91% used [0x00000007aaa80000,0x00000007ac816368,0x00000007acb00000)
  from space 5120K, 99% used [0x00000007ad000000,0x00000007ad4fea88,0x00000007ad500000)
  to   space 5120K, 0% used [0x00000007acb00000,0x00000007acb00000,0x00000007ad000000)
 ParOldGen       total 86016K, used 6163K [0x0000000700000000, 0x0000000705400000, 0x00000007aaa80000)
  object space 86016K, 7% used [0x0000000700000000,0x0000000700604e88,0x0000000705400000)
 PSPermGen       total 21504K, used 5172K [0x00000006fae00000, 0x00000006fc300000, 0x0000000700000000)
  object space 21504K, 24% used [0x00000006fae00000,0x00000006fb30d1f8,0x00000006fc300000)
GC Heap History (4 events):
Event: 1.247 GC heap before
{Heap before GC invocations=1 (full 0):
 PSYoungGen      total 38400K, used 33280K [0x00000007aaa80000, 0x00000007ad500000, 0x0000000800000000)
  eden space 33280K, 100% used [0x00000007aaa80000,0x00000007acb00000,0x00000007acb00000)
  from space 5120K, 0% used [0x00000007ad000000,0x00000007ad000000,0x00000007ad500000)
  to   space 5120K, 0% used [0x00000007acb00000,0x00000007acb00000,0x00000007ad000000)
 ParOldGen       total 86016K, used 0K [0x0000000700000000, 0x0000000705400000, 0x00000007aaa80000)
  object space 86016K, 0% used [0x0000000700000000,0x0000000700000000,0x0000000705400000)
 PSPermGen       total 21504K, used 5068K [0x00000006fae00000, 0x00000006fc300000, 0x0000000700000000)
  object space 21504K, 23% used [0x00000006fae00000,0x00000006fb2f3270,0x00000006fc300000)
Event: 1.265 GC heap after
Heap after GC invocations=1 (full 0):
 PSYoungGen      total 38400K, used 5096K [0x00000007aaa80000, 0x00000007ad500000, 0x0000000800000000)
  eden space 33280K, 0% used [0x00000007aaa80000,0x00000007aaa80000,0x00000007acb00000)
  from space 5120K, 99% used [0x00000007acb00000,0x00000007acffa0f0,0x00000007ad000000)
  to   space 5120K, 0% used [0x00000007ad000000,0x00000007ad000000,0x00000007ad500000)
 ParOldGen       total 86016K, used 2243K [0x0000000700000000, 0x0000000705400000, 0x00000007aaa80000)
  object space 86016K, 2% used [0x0000000700000000,0x0000000700230fa8,0x0000000705400000)
 PSPermGen       total 21504K, used 5068K [0x00000006fae00000, 0x00000006fc300000, 0x0000000700000000)
  object space 21504K, 23% used [0x00000006fae00000,0x00000006fb2f3270,0x00000006fc300000)
}
Event: 3.004 GC heap before
{Heap before GC invocations=2 (full 0):
 PSYoungGen      total 38400K, used 38376K [0x00000007aaa80000, 0x00000007ad500000, 0x0000000800000000)
  eden space 33280K, 100% used [0x00000007aaa80000,0x00000007acb00000,0x00000007acb00000)
  from space 5120K, 99% used [0x00000007acb00000,0x00000007acffa0f0,0x00000007ad000000)
  to   space 5120K, 0% used [0x00000007ad000000,0x00000007ad000000,0x00000007ad500000)
 ParOldGen       total 86016K, used 2243K [0x0000000700000000, 0x0000000705400000, 0x00000007aaa80000)
  object space 86016K, 2% used [0x0000000700000000,0x0000000700230fa8,0x0000000705400000)
 PSPermGen       total 21504K, used 5146K [0x00000006fae00000, 0x00000006fc300000, 0x0000000700000000)
  object space 21504K, 23% used [0x00000006fae00000,0x00000006fb306a70,0x00000006fc300000)
Event: 3.021 GC heap after
Heap after GC invocations=2 (full 0):
 PSYoungGen      total 38400K, used 5114K [0x00000007aaa80000, 0x00000007af580000, 0x0000000800000000)
  eden space 33280K, 0% used [0x00000007aaa80000,0x00000007aaa80000,0x00000007acb00000)
  from space 5120K, 99% used [0x00000007ad000000,0x00000007ad4fea88,0x00000007ad500000)
  to   space 5120K, 0% used [0x00000007acb00000,0x00000007acb00000,0x00000007ad000000)
 ParOldGen       total 86016K, used 6163K [0x0000000700000000, 0x0000000705400000, 0x00000007aaa80000)
  object space 86016K, 7% used [0x0000000700000000,0x0000000700604e88,0x0000000705400000)
 PSPermGen       total 21504K, used 5146K [0x00000006fae00000, 0x00000006fc300000, 0x0000000700000000)
  object space 21504K, 23% used [0x00000006fae00000,0x00000006fb306a70,0x00000006fc300000)
}

