# JRE version: Java(TM) SE Runtime Environment (7.0_45-b18) (build 1.7.0_45-b18)
# Java VM: Java HotSpot(TM) 64-Bit Server VM (24.45-b08 mixed mode windows-amd64 compressed oops)
Heap
 PSYoungGen      total 71680K, used 19829K [0x00000007aaa80000, 0x00000007af580000, 0x0000000800000000)
  eden space 66560K, 22% used [0x00000007aaa80000,0x00000007ab8e5468,0x00000007aeb80000)
  from space 5120K, 99% used [0x00000007af080000,0x00000007af578010,0x00000007af580000)
  to   space 5120K, 0% used [0x00000007aeb80000,0x00000007aeb80000,0x00000007af080000)
 ParOldGen       total 111616K, used 68746K [0x0000000700000000, 0x0000000706d00000, 0x00000007aaa80000)
  object space 111616K, 61% used [0x0000000700000000,0x0000000704322a88,0x0000000706d00000)
 PSPermGen       total 21504K, used 5772K [0x00000006fae00000, 0x00000006fc300000, 0x0000000700000000)
  object space 21504K, 26% used [0x00000006fae00000,0x00000006fb3a33a8,0x00000006fc300000)
GC Heap History (10 events):
Event: 4.784 GC heap before
{Heap before GC invocations=7 (full 1):
 PSYoungGen      total 71680K, used 5099K [0x00000007aaa80000, 0x00000007af580000, 0x0000000800000000)
  eden space 66560K, 0% used [0x00000007aaa80000,0x00000007aaa80000,0x00000007aeb80000)
  from space 5120K, 99% used [0x00000007af080000,0x00000007af57afe8,0x00000007af580000)
  to   space 5120K, 0% used [0x00000007aeb80000,0x00000007aeb80000,0x00000007af080000)
 ParOldGen       total 86016K, used 63090K [0x0000000700000000, 0x0000000705400000, 0x00000007aaa80000)
  object space 86016K, 73% used [0x0000000700000000,0x0000000703d9cb28,0x0000000705400000)
 PSPermGen       total 21504K, used 5293K [0x00000006fae00000, 0x00000006fc300000, 0x0000000700000000)
  object space 21504K, 24% used [0x00000006fae00000,0x00000006fb32b798,0x00000006fc300000)
Event: 5.062 GC heap after
Heap after GC invocations=7 (full 1):
 PSYoungGen      total 71680K, used 0K [0x00000007aaa80000, 0x00000007af580000, 0x0000000800000000)
  eden space 66560K, 0% used [0x00000007aaa80000,0x00000007aaa80000,0x00000007aeb80000)
  from space 5120K, 0% used [0x00000007af080000,0x00000007af080000,0x00000007af580000)
  to   space 5120K, 0% used [0x00000007aeb80000,0x00000007aeb80000,0x00000007af080000)
 ParOldGen       total 111616K, used 33587K [0x0000000700000000, 0x0000000706d00000, 0x00000007aaa80000)
  object space 111616K, 30% used [0x0000000700000000,0x00000007020cce18,0x0000000706d00000)
 PSPermGen       total 21504K, used 5290K [0x00000006fae00000, 0x00000006fc300000, 0x0000000700000000)
  object space 21504K, 24% used [0x00000006fae00000,0x00000006fb32a870,0x00000006fc300000)
}
Event: 5.679 GC heap before
{Heap before GC invocations=8 (full 1):
 PSYoungGen      total 71680K, used 66560K [0x00000007aaa80000, 0x00000007af580000, 0x0000000800000000)
  eden space 66560K, 100% used [0x00000007aaa80000,0x00000007aeb80000,0x00000007aeb80000)
  from space 5120K, 0% used [0x00000007af080000,0x00000007af080000,0x00000007af580000)
  to   space 5120K, 0% used [0x00000007aeb80000,0x00000007aeb80000,0x00000007af080000)
 ParOldGen       total 111616K, used 33587K [0x0000000700000000, 0x0000000706d00000, 0x00000007aaa80000)
  object space 111616K, 30% used [0x0000000700000000,0x00000007020cce18,0x0000000706d00000)
 PSPermGen       total 21504K, used 5701K [0x00000006fae00000, 0x00000006fc300000, 0x0000000700000000)
  object space 21504K, 26% used [0x00000006fae00000,0x00000006fb391770,0x00000006fc300000)
Event: 5.688 GC heap after
Heap after GC invocations=8 (full 1):
 PSYoungGen      total 71680K, used 5096K [0x00000007aaa80000, 0x00000007af580000, 0x0000000800000000)
  eden space 66560K, 0% used [0x00000007aaa80000,0x00000007aaa80000,0x00000007aeb80000)
  from space 5120K, 99% used [0x00000007aeb80000,0x00000007af07a2d0,0x00000007af080000)
  to   space 5120K, 0% used [0x00000007af080000,0x00000007af080000,0x00000007af580000)
 ParOldGen       total 111616K, used 35982K [0x0000000700000000, 0x0000000706d00000, 0x00000007aaa80000)
  object space 111616K, 32% used [0x0000000700000000,0x0000000702323a60,0x0000000706d00000)
 PSPermGen       total 21504K, used 5701K [0x00000006fae00000, 0x00000006fc300000, 0x0000000700000000)
  object space 21504K, 26% used [0x00000006fae00000,0x00000006fb391770,0x00000006fc300000)
}
Event: 6.222 GC heap before
{Heap before GC invocations=9 (full 1):
 PSYoungGen      total 71680K, used 71656K [0x00000007aaa80000, 0x00000007af580000, 0x0000000800000000)
  eden space 66560K, 100% used [0x00000007aaa80000,0x00000007aeb80000,0x00000007aeb80000)
  from space 5120K, 99% used [0x00000007aeb80000,0x00000007af07a2d0,0x00000007af080000)
  to   space 5120K, 0% used [0x00000007af080000,0x00000007af080000,0x00000007af580000)
 ParOldGen       total 111616K, used 35982K [0x0000000700000000, 0x0000000706d00000, 0x00000007aaa80000)
  object space 111616K, 32% used [0x0000000700000000,0x0000000702323a60,0x0000000706d00000)
 PSPermGen       total 21504K, used 5729K [0x00000006fae00000, 0x00000006fc300000, 0x0000000700000000)
  object space 21504K, 26% used [0x00000006fae00000,0x00000006fb398640,0x00000006fc300000)
Event: 6.249 GC heap after
Heap after GC invocations=9 (full 1):
 PSYoungGen      total 71680K, used 5116K [0x00000007aaa80000, 0x00000007af580000, 0x0000000800000000)
  eden space 66560K, 0% used [0x00000007aaa80000,0x00000007aaa80000,0x00000007aeb80000)
  from space 5120K, 99% used [0x00000007af080000,0x00000007af57f3b8,0x00000007af580000)
  to   space 5120K, 0% used [0x00000007aeb80000,0x00000007aeb80000,0x00000007af080000)
 ParOldGen       total 111616K, used 45234K [0x0000000700000000, 0x0000000706d00000, 0x00000007aaa80000)
  object space 111616K, 40% used [0x0000000700000000,0x0000000702c2c8e8,0x0000000706d00000)
 PSPermGen       total 21504K, used 5729K [0x00000006fae00000, 0x00000006fc300000, 0x0000000700000000)
  object space 21504K, 26% used [0x00000006fae00000,0x00000006fb398640,0x00000006fc300000)
}
Event: 6.745 GC heap before
{Heap before GC invocations=10 (full 1):
 PSYoungGen      total 71680K, used 71676K [0x00000007aaa80000, 0x00000007af580000, 0x0000000800000000)
  eden space 66560K, 100% used [0x00000007aaa80000,0x00000007aeb80000,0x00000007aeb80000)
  from space 5120K, 99% used [0x00000007af080000,0x00000007af57f3b8,0x00000007af580000)
  to   space 5120K, 0% used [0x00000007aeb80000,0x00000007aeb80000,0x00000007af080000)
 ParOldGen       total 111616K, used 45234K [0x0000000700000000, 0x0000000706d00000, 0x00000007aaa80000)
  object space 111616K, 40% used [0x0000000700000000,0x0000000702c2c8e8,0x0000000706d00000)
 PSPermGen       total 21504K, used 5750K [0x00000006fae00000, 0x00000006fc300000, 0x0000000700000000)
  object space 21504K, 26% used [0x00000006fae00000,0x00000006fb39d990,0x00000006fc300000)
Event: 6.765 GC heap after
Heap after GC invocations=10 (full 1):
 PSYoungGen      total 71680K, used 5100K [0x00000007aaa80000, 0x00000007af580000, 0x0000000800000000)
  eden space 66560K, 0% used [0x00000007aaa80000,0x00000007aaa80000,0x00000007aeb80000)
  from space 5120K, 99% used [0x00000007aeb80000,0x00000007af07b3b8,0x00000007af080000)
  to   space 5120K, 0% used [0x00000007af080000,0x00000007af080000,0x00000007af580000)
 ParOldGen       total 111616K, used 57091K [0x0000000700000000, 0x0000000706d00000, 0x00000007aaa80000)
  object space 111616K, 51% used [0x0000000700000000,0x00000007037c0e10,0x0000000706d00000)
 PSPermGen       total 21504K, used 5750K [0x00000006fae00000, 0x00000006fc300000, 0x0000000700000000)
  object space 21504K, 26% used [0x00000006fae00000,0x00000006fb39d990,0x00000006fc300000)
}
Event: 7.265 GC heap before
{Heap before GC invocations=11 (full 1):
 PSYoungGen      total 71680K, used 71660K [0x00000007aaa80000, 0x00000007af580000, 0x0000000800000000)
  eden space 66560K, 100% used [0x00000007aaa80000,0x00000007aeb80000,0x00000007aeb80000)
  from space 5120K, 99% used [0x00000007aeb80000,0x00000007af07b3b8,0x00000007af080000)
  to   space 5120K, 0% used [0x00000007af080000,0x00000007af080000,0x00000007af580000)
 ParOldGen       total 111616K, used 57091K [0x0000000700000000, 0x0000000706d00000, 0x00000007aaa80000)
  object space 111616K, 51% used [0x0000000700000000,0x00000007037c0e10,0x0000000706d00000)
 PSPermGen       total 21504K, used 5768K [0x00000006fae00000, 0x00000006fc300000, 0x0000000700000000)
  object space 21504K, 26% used [0x00000006fae00000,0x00000006fb3a22a0,0x00000006fc300000)
Event: 7.299 GC heap after
Heap after GC invocations=11 (full 1):
 PSYoungGen      total 71680K, used 5088K [0x00000007aaa80000, 0x00000007af580000, 0x0000000800000000)
  eden space 66560K, 0% used [0x00000007aaa80000,0x00000007aaa80000,0x00000007aeb80000)
  from space 5120K, 99% used [0x00000007af080000,0x00000007af578010,0x00000007af580000)
  to   space 5120K, 0% used [0x00000007aeb80000,0x00000007aeb80000,0x00000007af080000)
 ParOldGen       total 111616K, used 68746K [0x0000000700000000, 0x0000000706d00000, 0x00000007aaa80000)
  object space 111616K, 61% used [0x0000000700000000,0x0000000704322a88,0x0000000706d00000)
 PSPermGen       total 21504K, used 5768K [0x00000006fae00000, 0x00000006fc300000, 0x0000000700000000)
  object space 21504K, 26% used [0x00000006fae00000,0x00000006fb3a22a0,0x00000006fc300000)
}

